<?xml version="1.0" encoding="UTF-8"?>
<!-- Generated by org.testng.reporters.JUnitReportReporter -->
<testsuite skipped="0" hostname="Admin-PC" name="TestNGPAckage.DataProviderExample" tests="3" failures="0" timestamp="19 Aug 2020 13:28:03 GMT" time="125.095" errors="0">
  <testcase name="getData" time="27.372" classname="TestNGPAckage.DataProviderExample"/>
  <testcase name="getData" time="25.519" classname="TestNGPAckage.DataProviderExample"/>
  <testcase name="getData" time="72.204" classname="TestNGPAckage.DataProviderExample"/>
</testsuite> <!-- TestNGPAckage.DataProviderExample -->
